<?xml version="1.0" encoding="UTF-8"?>
<!-- Generated by org.testng.reporters.JUnitReportReporter -->
<testsuite hostname="JADDA" failures="0" tests="3" name="testNGMyPractice.EnableArgument" time="0.001" errors="0" timestamp="26 Oct 2023 08:58:53 GMT" skipped="1">
  <testcase classname="testNGMyPractice.EnableArgument" name="rama" time="0.001"/>
  <testcase classname="testNGMyPractice.EnableArgument" name="mokshi" time="0.000"/>
  <testcase classname="testNGMyPractice.EnableArgument" name="sruthi">
    <skipped/>
  </testcase> <!-- sruthi -->
</testsuite> <!-- testNGMyPractice.EnableArgument -->
