<?xml version="1.0" encoding="UTF-8"?>
<!-- Generated by org.testng.reporters.JUnitReportReporter -->
<testsuite hostname="JADDA" failures="0" tests="1" name="testNGMyPractice.InvocationTimeout" time="3.016" errors="1" timestamp="26 Oct 2023 08:58:53 GMT" skipped="0">
  <testcase classname="testNGMyPractice.InvocationTimeout" name="success" time="3.016">
    <error message="Method testNGMyPractice.InvocationTimeout.success() didn&#039;t finish within the time-out 3000" type="org.testng.internal.thread.ThreadTimeoutException">
      <![CDATA[org.testng.internal.thread.ThreadTimeoutException: Method testNGMyPractice.InvocationTimeout.success() didn't finish within the time-out 3000
at java.base/java.io.FileOutputStream.writeBytes(Native Method)
at java.base/java.io.FileOutputStream.write(FileOutputStream.java:373)
at java.base/java.io.BufferedOutputStream.flushBuffer(BufferedOutputStream.java:125)
at java.base/java.io.BufferedOutputStream.implFlush(BufferedOutputStream.java:252)
at java.base/java.io.BufferedOutputStream.flush(BufferedOutputStream.java:240)
at java.base/java.io.PrintStream.implWrite(PrintStream.java:645)
at java.base/java.io.PrintStream.write(PrintStream.java:623)
at java.base/sun.nio.cs.StreamEncoder.writeBytes(StreamEncoder.java:313)
at java.base/sun.nio.cs.StreamEncoder.implFlushBuffer(StreamEncoder.java:409)
at java.base/sun.nio.cs.StreamEncoder.lockedFlushBuffer(StreamEncoder.java:127)
at java.base/sun.nio.cs.StreamEncoder.flushBuffer(StreamEncoder.java:114)
at java.base/java.io.OutputStreamWriter.flushBuffer(OutputStreamWriter.java:193)
at java.base/java.io.PrintStream.implWriteln(PrintStream.java:849)
at java.base/java.io.PrintStream.writeln(PrintStream.java:826)
at java.base/java.io.PrintStream.println(PrintStream.java:1168)
at testNGMyPractice.InvocationTimeout.success(InvocationTimeout.java:8)
at java.base/jdk.internal.reflect.DirectMethodHandleAccessor.invoke(DirectMethodHandleAccessor.java:104)
at java.base/java.lang.reflect.Method.invoke(Method.java:578)
at org.testng.internal.MethodInvocationHelper.invokeMethod(MethodInvocationHelper.java:124)
at org.testng.internal.InvokeMethodRunnable.runOne(InvokeMethodRunnable.java:54)
at org.testng.internal.InvokeMethodRunnable.run(InvokeMethodRunnable.java:40)
at java.base/java.util.concurrent.Executors$RunnableAdapter.call(Executors.java:577)
at java.base/java.util.concurrent.FutureTask.run(FutureTask.java:317)
at java.base/java.util.concurrent.ThreadPoolExecutor.runWorker(ThreadPoolExecutor.java:1144)
at java.base/java.util.concurrent.ThreadPoolExecutor$Worker.run(ThreadPoolExecutor.java:642)
at java.base/java.lang.Thread.run(Thread.java:1623)
]]>
    </error>
  </testcase> <!-- success -->
</testsuite> <!-- testNGMyPractice.InvocationTimeout -->
