<?xml version="1.0" encoding="UTF-8"?>
<!-- Generated by org.testng.reporters.JUnitReportReporter -->
<testsuite hostname="JADDA" failures="0" tests="3" name="testNGMyPractice.PriorityArgument" time="0.000" errors="0" timestamp="26 Oct 2023 08:58:53 GMT" skipped="0">
  <testcase classname="testNGMyPractice.PriorityArgument" name="mokshitha" time="0.000"/>
  <testcase classname="testNGMyPractice.PriorityArgument" name="rama" time="0.000"/>
  <testcase classname="testNGMyPractice.PriorityArgument" name="subbarao" time="0.000"/>
</testsuite> <!-- testNGMyPractice.PriorityArgument -->
