<?xml version="1.0" encoding="UTF-8"?>
<!-- Generated by org.testng.reporters.JUnitReportReporter -->
<testsuite hostname="JADDA" failures="0" tests="3" name="testNgGroupDiscussion.Groups" time="8.005" errors="0" timestamp="20 Sept 2023 04:11:52 GMT" skipped="0">
  <testcase classname="testNgGroupDiscussion.Groups" name="ohrmLogin" time="3.698"/>
  <testcase classname="testNgGroupDiscussion.Groups" name="click" time="4.048"/>
  <testcase classname="testNgGroupDiscussion.Groups" name="click1" time="0.259"/>
</testsuite> <!-- testNgGroupDiscussion.Groups -->
