<?xml version="1.0" encoding="UTF-8"?>
<!-- Generated by org.testng.reporters.JUnitReportReporter -->
<testsuite hostname="JADDA" failures="0" tests="2" name="testNGMyPractice.DataproviderEx1" time="0.000" errors="0" timestamp="26 Oct 2023 08:58:53 GMT" skipped="0">
  <testcase classname="testNGMyPractice.DataproviderEx1" name="testMethod1" time="0.000"/>
  <testcase classname="testNGMyPractice.DataproviderEx1" name="testMethod1" time="0.000"/>
</testsuite> <!-- testNGMyPractice.DataproviderEx1 -->
