<?xml version="1.0" encoding="UTF-8"?>
<!-- Generated by org.testng.reporters.JUnitReportReporter -->
<testsuite hostname="JADDA" failures="0" tests="4" name="testNGoHRM.TestScript7" time="0.015" errors="0" timestamp="10 Sept 2023 05:16:13 GMT" skipped="0">
  <testcase classname="testNGoHRM.TestScript7" name="sruthi" time="0.011"/>
  <testcase classname="testNGoHRM.TestScript7" name="nainith" time="0.001"/>
  <testcase classname="testNGoHRM.TestScript7" name="kishore" time="0.002"/>
  <testcase classname="testNGoHRM.TestScript7" name="abdul" time="0.001"/>
</testsuite> <!-- testNGoHRM.TestScript7 -->
