<?xml version="1.0" encoding="UTF-8"?>
<!-- Generated by org.testng.reporters.JUnitReportReporter -->
<testsuite hostname="JADDA" failures="0" tests="2" name="testNGMyPractice.GroupsArgument" time="0.019" errors="0" timestamp="26 Oct 2023 08:58:53 GMT" skipped="0">
  <testcase classname="testNGMyPractice.GroupsArgument" name="testmethod2" time="0.001"/>
  <testcase classname="testNGMyPractice.GroupsArgument" name="testMethod1" time="0.018"/>
</testsuite> <!-- testNGMyPractice.GroupsArgument -->
