<?xml version="1.0" encoding="UTF-8"?>
<!-- Generated by org.testng.reporters.JUnitReportReporter -->
<testsuite hostname="JADDA" failures="0" tests="8" name="testNGMyPractice.invocationCountArgument" time="0.009" errors="0" timestamp="26 Oct 2023 08:58:53 GMT" skipped="0">
  <testcase classname="testNGMyPractice.invocationCountArgument" name="testmethod" time="0.001"/>
  <testcase classname="testNGMyPractice.invocationCountArgument" name="testmethod" time="0.001"/>
  <testcase classname="testNGMyPractice.invocationCountArgument" name="testmethod" time="0.001"/>
  <testcase classname="testNGMyPractice.invocationCountArgument" name="testmethod" time="0.002"/>
  <testcase classname="testNGMyPractice.invocationCountArgument" name="testmethod" time="0.002"/>
  <testcase classname="testNGMyPractice.invocationCountArgument" name="testmethod" time="0.000"/>
  <testcase classname="testNGMyPractice.invocationCountArgument" name="testmethod" time="0.001"/>
  <testcase classname="testNGMyPractice.invocationCountArgument" name="testmethod" time="0.001"/>
</testsuite> <!-- testNGMyPractice.invocationCountArgument -->
