<?xml version="1.0" encoding="UTF-8"?>
<!-- Generated by org.testng.reporters.JUnitXMLReporter -->
<testsuite ignored="1" hostname="JADDA" failures="0" tests="2" name="ramaTest" time="14.326" errors="0" timestamp="15 Sept 2023 09:15:21 GMT">
  <testcase classname="testNgGroupDiscussion.Groups" name="ohrmLogin" time="6.217"/>
  <testcase classname="testNgGroupDiscussion.Groups" name="click" time="4.261"/>
  <testcase classname="testNgGroupDiscussion.Groups" name="click1" time="0.0">
    <ignored/>
  </testcase> <!-- click1 -->
</testsuite> <!-- ramaTest -->
