<?xml version="1.0" encoding="UTF-8"?>
<!-- Generated by org.testng.reporters.JUnitXMLReporter -->
<testsuite ignored="1" hostname="JADDA" failures="0" tests="1" name="groups2Test" time="0.031" errors="0" timestamp="14 Sept 2023 06:38:00 GMT">
  <testcase classname="testNGMyPractice.GroupsArgument" name="testmethod2" time="0.011"/>
  <testcase classname="testNGMyPractice.GroupsArgument" name="testMethod1" time="0.0">
    <ignored/>
  </testcase> <!-- testMethod1 -->
</testsuite> <!-- groups2Test -->
