<?xml version="1.0" encoding="UTF-8"?>
<!-- Generated by org.testng.reporters.JUnitXMLReporter -->
<testsuite ignored="0" hostname="JADDA" failures="0" tests="3" name="parameterTest" time="13.861" errors="0" timestamp="19 Sept 2023 09:55:56 GMT">
  <testcase classname="testNgGroupDiscussion.Groups" name="ohrmLogin" time="4.187"/>
  <testcase classname="testNgGroupDiscussion.Groups" name="click" time="4.278"/>
  <testcase classname="testNgGroupDiscussion.Groups" name="click1" time="0.273"/>
</testsuite> <!-- parameterTest -->
