<!DOCTYPE html PUBLIC "-//W3C//DTD XHTML 1.1//EN" "http://www.w3.org/TR/xhtml11/DTD/xhtml11.dtd">
<html xmlns="http://www.w3.org/1999/xhtml">
<head>
<meta http-equiv="content-type" content="text/html; charset=UTF-8"/>
<title>TestNG Report</title>
<style type="text/css">table {margin-bottom:10px;border-collapse:collapse;empty-cells:show}th,td {border:1px solid #009;padding:.25em .5em}th {vertical-align:bottom}td {vertical-align:top}table a {font-weight:bold}.stripe td {background-color: #E6EBF9}.num {text-align:right}.passedodd td {background-color: #3F3}.passedeven td {background-color: #0A0}.skippedodd td {background-color: #DDD}.skippedeven td {background-color: #CCC}.failedodd td,.attn {background-color: #F33}.failedeven td,.stripe .attn {background-color: #D00}.stacktrace {white-space:pre;font-family:monospace}.totop {font-size:85%;text-align:center;border-bottom:2px solid #000}.invisible {display:none}</style>
</head>
<body>
<table>
<tr><th>Test</th><th># Passed</th><th># Skipped</th><th># Failed</th><th>Time (ms)</th><th>Included Groups</th><th>Excluded Groups</th></tr>
<tr><th colspan="7">Suite</th></tr>
<tr><td><a href="#t0">Test</a></td><td class="num">21</td><td class="num attn">2</td><td class="num attn">7</td><td class="num">55,946</td><td></td><td></td></tr>
</table>
<table id='summary'><thead><tr><th>Class</th><th>Method</th><th>Start</th><th>Time (ms)</th></tr></thead><tbody><tr><th colspan="4">Suite</th></tr></tbody><tbody id="t0"><tr><th colspan="4">Test &#8212; failed</th></tr><tr class="failedeven"><td rowspan="1">testNGMyPractice.DataprovoderIntegrateTest</td><td><a href="#m0">oHRMLogin</a></td><td rowspan="1">1698310688345</td><td rowspan="1">31048</td></tr><tr class="failedodd"><td rowspan="1">testNGMyPractice.DependsOnGroups</td><td><a href="#m1">testMethod1</a></td><td rowspan="1">1698310719414</td><td rowspan="1">1</td></tr><tr class="failedeven"><td rowspan="1">testNGMyPractice.DependsOnMethods</td><td><a href="#m2">loginMethod</a></td><td rowspan="1">1698310719408</td><td rowspan="1">1</td></tr><tr class="failedodd"><td rowspan="1">testNGMyPractice.Hardassertion</td><td><a href="#m3">testmethod1</a></td><td rowspan="1">1698310688145</td><td rowspan="1">0</td></tr><tr class="failedeven"><td rowspan="1">testNGMyPractice.InvocationTimeout</td><td><a href="#m4">success</a></td><td rowspan="1">1698310685129</td><td rowspan="1">3016</td></tr><tr class="failedodd"><td rowspan="1">testNGMyPractice.ParametersExample1</td><td><a href="#m5">oHRMLogin</a></td><td rowspan="1">1698310719412</td><td rowspan="1">0</td></tr><tr class="failedeven"><td rowspan="1">testNGMyPractice.Softassertion</td><td><a href="#m6">testmethod</a></td><td rowspan="1">1698310719401</td><td rowspan="1">4</td></tr><tr><th colspan="4">Test &#8212; skipped</th></tr><tr class="skippedeven"><td rowspan="1">testNGMyPractice.DependsOnGroups</td><td><a href="#m7">testMethod2</a></td><td rowspan="1">1698310727891</td><td rowspan="1">0</td></tr><tr class="skippedodd"><td rowspan="1">testNGMyPractice.DependsOnMethods</td><td><a href="#m8">leaveMethod</a></td><td rowspan="1">1698310727891</td><td rowspan="1">0</td></tr><tr><th colspan="4">Test &#8212; passed</th></tr><tr class="passedeven"><td rowspan="1">testNGMyPractice.AlwaysrunArgument</td><td><a href="#m9">setup</a></td><td rowspan="1">1698310719399</td><td rowspan="1">1</td></tr><tr class="passedodd"><td rowspan="2">testNGMyPractice.DataproviderEx1</td><td><a href="#m10">testMethod1</a></td><td rowspan="2">1698310727891</td><td rowspan="2">0</td></tr><tr class="passedodd"><td><a href="#m11">testMethod1</a></td></tr><tr class="passedeven"><td rowspan="1">testNGMyPractice.DataprovoderIntegrateTest</td><td><a href="#m12">oHRMLogin</a></td><td rowspan="1">1698310688145</td><td rowspan="1">200</td></tr><tr class="passedodd"><td rowspan="1">testNGMyPractice.DescriptionArgument</td><td><a href="#m13">success</a></td><td rowspan="1">1698310727891</td><td rowspan="1">0</td></tr><tr class="passedeven"><td rowspan="2">testNGMyPractice.EnableArgument</td><td><a href="#m14">mokshi</a></td><td rowspan="1">1698310719395</td><td rowspan="1">0</td></tr><tr class="passedeven"><td><a href="#m15">rama</a></td><td rowspan="1">1698310719396</td><td rowspan="1">1</td></tr><tr class="passedodd"><td rowspan="2">testNGMyPractice.GroupsArgument</td><td><a href="#m16">testMethod1</a></td><td rowspan="1">1698310685106</td><td rowspan="1">18</td></tr><tr class="passedodd"><td><a href="#m17">testmethod2</a></td><td rowspan="1">1698310685127</td><td rowspan="1">1</td></tr><tr class="passedeven"><td rowspan="1">testNGMyPractice.ParallelExecution</td><td><a href="#m18">chromeMethod</a></td><td rowspan="1">1698310719438</td><td rowspan="1">8453</td></tr><tr class="passedodd"><td rowspan="3">testNGMyPractice.PriorityArgument</td><td><a href="#m19">mokshitha</a></td><td rowspan="1">1698310688145</td><td rowspan="1">0</td></tr><tr class="passedodd"><td><a href="#m20">rama</a></td><td rowspan="1">1698310727907</td><td rowspan="1">0</td></tr><tr class="passedodd"><td><a href="#m21">subbarao</a></td><td rowspan="1">1698310727907</td><td rowspan="1">0</td></tr><tr class="passedeven"><td rowspan="8">testNGMyPractice.invocationCountArgument</td><td><a href="#m22">testmethod</a></td><td rowspan="8">1698310719424</td><td rowspan="8">1</td></tr><tr class="passedeven"><td><a href="#m23">testmethod</a></td></tr><tr class="passedeven"><td><a href="#m24">testmethod</a></td></tr><tr class="passedeven"><td><a href="#m25">testmethod</a></td></tr><tr class="passedeven"><td><a href="#m26">testmethod</a></td></tr><tr class="passedeven"><td><a href="#m27">testmethod</a></td></tr><tr class="passedeven"><td><a href="#m28">testmethod</a></td></tr><tr class="passedeven"><td><a href="#m29">testmethod</a></td></tr></tbody>
</table>
<h2>Test</h2><h3 id="m0">testNGMyPractice.DataprovoderIntegrateTest#oHRMLogin</h3><table class="result"><tr class="param"><th>Parameter #1</th><th>Parameter #2</th></tr><tr class="param stripe"><td>mokshi</td><td>mokshi123</td></tr><tr><th colspan="2">Exception</th></tr><tr><td colspan="2"><div class="stacktrace">org.openqa.selenium.NoSuchElementException: no such element: Unable to locate element: {&quot;method&quot;:&quot;css selector&quot;,&quot;selector&quot;:&quot;*[name=&apos;username&apos;]&quot;}
  (Session info: chrome=118.0.5993.117)
For documentation on this error, please visit: https://www.selenium.dev/documentation/webdriver/troubleshooting/errors#no-such-element-exception
Build info: version: &apos;4.12.0&apos;, revision: &apos;249f2a7d1b*&apos;
System info: os.name: &apos;Windows 11&apos;, os.arch: &apos;amd64&apos;, os.version: &apos;10.0&apos;, java.version: &apos;20.0.1&apos;
Driver info: org.openqa.selenium.chrome.ChromeDriver
Command: [c08e561d685fd18cff28cce0394f48e0, findElement {using=name, value=username}]
Capabilities {acceptInsecureCerts: false, browserName: chrome, browserVersion: 118.0.5993.117, chrome: {chromedriverVersion: 118.0.5993.70 (e52f33f30b91..., userDataDir: C:\Users\jsrao\AppData\Loca...}, fedcm:accounts: true, goog:chromeOptions: {debuggerAddress: localhost:51843}, networkConnectionEnabled: false, pageLoadStrategy: normal, platformName: windows, proxy: Proxy(), se:cdp: ws://localhost:51843/devtoo..., se:cdpVersion: 118.0.5993.117, setWindowRect: true, strictFileInteractability: false, timeouts: {implicit: 0, pageLoad: 300000, script: 30000}, unhandledPromptBehavior: dismiss and notify, webauthn:extension:credBlob: true, webauthn:extension:largeBlob: true, webauthn:extension:minPinLength: true, webauthn:extension:prf: true, webauthn:virtualAuthenticators: true}
Session ID: c08e561d685fd18cff28cce0394f48e0
	at org.openqa.selenium.remote.codec.w3c.W3CHttpResponseCodec.createException(W3CHttpResponseCodec.java:200)
	at org.openqa.selenium.remote.codec.w3c.W3CHttpResponseCodec.decode(W3CHttpResponseCodec.java:133)
	at org.openqa.selenium.remote.codec.w3c.W3CHttpResponseCodec.decode(W3CHttpResponseCodec.java:52)
	at org.openqa.selenium.remote.HttpCommandExecutor.execute(HttpCommandExecutor.java:191)
	at org.openqa.selenium.remote.service.DriverCommandExecutor.invokeExecute(DriverCommandExecutor.java:196)
	at org.openqa.selenium.remote.service.DriverCommandExecutor.execute(DriverCommandExecutor.java:171)
	at org.openqa.selenium.remote.RemoteWebDriver.execute(RemoteWebDriver.java:602)
	at org.openqa.selenium.remote.ElementLocation$ElementFinder$2.findElement(ElementLocation.java:165)
	at org.openqa.selenium.remote.ElementLocation.findElement(ElementLocation.java:59)
	at org.openqa.selenium.remote.RemoteWebDriver.findElement(RemoteWebDriver.java:359)
	at org.openqa.selenium.remote.RemoteWebDriver.findElement(RemoteWebDriver.java:353)
	at testNGMyPractice.DataprovoderIntegrateTest.oHRMLogin(DataprovoderIntegrateTest.java:31)
... Removed 26 stack frames</div></td></tr></table><p class="totop"><a href="#summary">back to summary</a></p>
<h3 id="m1">testNGMyPractice.DependsOnGroups#testMethod1</h3><table class="result"><tr><th>Exception</th></tr><tr><td><div class="stacktrace">java.lang.AssertionError: null
	at testNGMyPractice.DependsOnGroups.testMethod1(DependsOnGroups.java:10)
... Removed 25 stack frames</div></td></tr></table><p class="totop"><a href="#summary">back to summary</a></p>
<h3 id="m2">testNGMyPractice.DependsOnMethods#loginMethod</h3><table class="result"><tr><th>Exception</th></tr><tr><td><div class="stacktrace">java.lang.AssertionError: null
	at testNGMyPractice.DependsOnMethods.loginMethod(DependsOnMethods.java:9)
... Removed 25 stack frames</div></td></tr></table><p class="totop"><a href="#summary">back to summary</a></p>
<h3 id="m3">testNGMyPractice.Hardassertion#testmethod1</h3><table class="result"><tr><th>Exception</th></tr><tr><td><div class="stacktrace">java.lang.AssertionError: both values are mismatch expected [true] but found [false]
	at testNGMyPractice.Hardassertion.testmethod1(Hardassertion.java:12)
... Removed 28 stack frames</div></td></tr></table><p class="totop"><a href="#summary">back to summary</a></p>
<h3 id="m4">testNGMyPractice.InvocationTimeout#success</h3><table class="result"><tr><th>Exception</th></tr><tr><td><div class="stacktrace">org.testng.internal.thread.ThreadTimeoutException: Method testNGMyPractice.InvocationTimeout.success() didn&apos;t finish within the time-out 3000
	at java.base/java.io.FileOutputStream.writeBytes(Native Method)
	at java.base/java.io.FileOutputStream.write(FileOutputStream.java:373)
	at java.base/java.io.BufferedOutputStream.flushBuffer(BufferedOutputStream.java:125)
	at java.base/java.io.BufferedOutputStream.implFlush(BufferedOutputStream.java:252)
	at java.base/java.io.BufferedOutputStream.flush(BufferedOutputStream.java:240)
	at java.base/java.io.PrintStream.implWrite(PrintStream.java:645)
	at java.base/java.io.PrintStream.write(PrintStream.java:623)
	at java.base/sun.nio.cs.StreamEncoder.writeBytes(StreamEncoder.java:313)
	at java.base/sun.nio.cs.StreamEncoder.implFlushBuffer(StreamEncoder.java:409)
	at java.base/sun.nio.cs.StreamEncoder.lockedFlushBuffer(StreamEncoder.java:127)
	at java.base/sun.nio.cs.StreamEncoder.flushBuffer(StreamEncoder.java:114)
	at java.base/java.io.OutputStreamWriter.flushBuffer(OutputStreamWriter.java:193)
	at java.base/java.io.PrintStream.implWriteln(PrintStream.java:849)
	at java.base/java.io.PrintStream.writeln(PrintStream.java:826)
	at java.base/java.io.PrintStream.println(PrintStream.java:1168)
	at testNGMyPractice.InvocationTimeout.success(InvocationTimeout.java:8)
	at java.base/java.util.concurrent.Executors$RunnableAdapter.call(Executors.java:577)
	at java.base/java.util.concurrent.FutureTask.run(FutureTask.java:317)
	at java.base/java.util.concurrent.ThreadPoolExecutor.runWorker(ThreadPoolExecutor.java:1144)
	at java.base/java.util.concurrent.ThreadPoolExecutor$Worker.run(ThreadPoolExecutor.java:642)
	at java.base/java.lang.Thread.run(Thread.java:1623)
... Removed 5 stack frames</div></td></tr></table><p class="totop"><a href="#summary">back to summary</a></p>
<h3 id="m5">testNGMyPractice.ParametersExample1#oHRMLogin</h3><table class="result"><tr><th>Exception</th></tr><tr><td><div class="stacktrace">org.testng.TestNGException: 
Parameter &apos;un&apos; is required by @Test on method oHRMLogin but has not been marked @Optional or defined
in C:\Users\jsrao\eclipse-workspace\com.RamaOrangeHRM.org\Batch002.xml
... Removed 24 stack frames</div></td></tr></table><p class="totop"><a href="#summary">back to summary</a></p>
<h3 id="m6">testNGMyPractice.Softassertion#testmethod</h3><table class="result"><tr><th>Exception</th></tr><tr><td><div class="stacktrace">java.lang.AssertionError: The following asserts failed:
	expected [true] but found [false]
	at testNGMyPractice.Softassertion.testmethod(Softassertion.java:20)
... Removed 24 stack frames</div></td></tr></table><p class="totop"><a href="#summary">back to summary</a></p>
<h3 id="m7">testNGMyPractice.DependsOnGroups#testMethod2</h3><table class="result"><tr><th>Exception</th></tr><tr><td><div class="stacktrace">java.lang.Throwable: Method DependsOnGroups.testMethod2()[pri:0, instance:testNGMyPractice.DependsOnGroups@5e39850] depends on not successfully finished methods in group &quot;smoke&quot;
... Removed 18 stack frames</div></td></tr></table><p class="totop"><a href="#summary">back to summary</a></p>
<h3 id="m8">testNGMyPractice.DependsOnMethods#leaveMethod</h3><table class="result"><tr><th>Exception</th></tr><tr><td><div class="stacktrace">java.lang.Throwable: Method DependsOnMethods.leaveMethod()[pri:0, instance:testNGMyPractice.DependsOnMethods@37fdfb05] depends on not successfully finished methods
... Removed 18 stack frames</div></td></tr></table><p class="totop"><a href="#summary">back to summary</a></p>
<h3 id="m9">testNGMyPractice.AlwaysrunArgument#setup</h3><table class="result"><tr><th class="invisible"/></tr></table><p class="totop"><a href="#summary">back to summary</a></p>
<h3 id="m10">testNGMyPractice.DataproviderEx1#testMethod1</h3><table class="result"><tr class="param"><th>Parameter #1</th><th>Parameter #2</th></tr><tr class="param stripe"><td>mokshi</td><td>mokshi123</td></tr></table><p class="totop"><a href="#summary">back to summary</a></p>
<h3 id="m11">testNGMyPractice.DataproviderEx1#testMethod1</h3><table class="result"><tr class="param"><th>Parameter #1</th><th>Parameter #2</th></tr><tr class="param stripe"><td>admin</td><td>admin123</td></tr></table><p class="totop"><a href="#summary">back to summary</a></p>
<h3 id="m12">testNGMyPractice.DataprovoderIntegrateTest#oHRMLogin</h3><table class="result"><tr class="param"><th>Parameter #1</th><th>Parameter #2</th></tr><tr class="param stripe"><td>admin</td><td>admin123</td></tr></table><p class="totop"><a href="#summary">back to summary</a></p>
<h3 id="m13">testNGMyPractice.DescriptionArgument#success</h3><table class="result"><tr><th class="invisible"/></tr></table><p class="totop"><a href="#summary">back to summary</a></p>
<h3 id="m14">testNGMyPractice.EnableArgument#mokshi</h3><table class="result"><tr><th class="invisible"/></tr></table><p class="totop"><a href="#summary">back to summary</a></p>
<h3 id="m15">testNGMyPractice.EnableArgument#rama</h3><table class="result"><tr><th class="invisible"/></tr></table><p class="totop"><a href="#summary">back to summary</a></p>
<h3 id="m16">testNGMyPractice.GroupsArgument#testMethod1</h3><table class="result"><tr><th class="invisible"/></tr></table><p class="totop"><a href="#summary">back to summary</a></p>
<h3 id="m17">testNGMyPractice.GroupsArgument#testmethod2</h3><table class="result"><tr><th class="invisible"/></tr></table><p class="totop"><a href="#summary">back to summary</a></p>
<h3 id="m18">testNGMyPractice.ParallelExecution#chromeMethod</h3><table class="result"><tr><th class="invisible"/></tr></table><p class="totop"><a href="#summary">back to summary</a></p>
<h3 id="m19">testNGMyPractice.PriorityArgument#mokshitha</h3><table class="result"><tr><th class="invisible"/></tr></table><p class="totop"><a href="#summary">back to summary</a></p>
<h3 id="m20">testNGMyPractice.PriorityArgument#rama</h3><table class="result"><tr><th class="invisible"/></tr></table><p class="totop"><a href="#summary">back to summary</a></p>
<h3 id="m21">testNGMyPractice.PriorityArgument#subbarao</h3><table class="result"><tr><th class="invisible"/></tr></table><p class="totop"><a href="#summary">back to summary</a></p>
<h3 id="m22">testNGMyPractice.invocationCountArgument#testmethod</h3><table class="result"><tr><th class="invisible"/></tr></table><p class="totop"><a href="#summary">back to summary</a></p>
<h3 id="m23">testNGMyPractice.invocationCountArgument#testmethod</h3><table class="result"><tr><th class="invisible"/></tr></table><p class="totop"><a href="#summary">back to summary</a></p>
<h3 id="m24">testNGMyPractice.invocationCountArgument#testmethod</h3><table class="result"><tr><th class="invisible"/></tr></table><p class="totop"><a href="#summary">back to summary</a></p>
<h3 id="m25">testNGMyPractice.invocationCountArgument#testmethod</h3><table class="result"><tr><th class="invisible"/></tr></table><p class="totop"><a href="#summary">back to summary</a></p>
<h3 id="m26">testNGMyPractice.invocationCountArgument#testmethod</h3><table class="result"><tr><th class="invisible"/></tr></table><p class="totop"><a href="#summary">back to summary</a></p>
<h3 id="m27">testNGMyPractice.invocationCountArgument#testmethod</h3><table class="result"><tr><th class="invisible"/></tr></table><p class="totop"><a href="#summary">back to summary</a></p>
<h3 id="m28">testNGMyPractice.invocationCountArgument#testmethod</h3><table class="result"><tr><th class="invisible"/></tr></table><p class="totop"><a href="#summary">back to summary</a></p>
<h3 id="m29">testNGMyPractice.invocationCountArgument#testmethod</h3><table class="result"><tr><th class="invisible"/></tr></table><p class="totop"><a href="#summary">back to summary</a></p>
</body>
</html>
