<?xml version="1.0" encoding="UTF-8"?>
<!-- Generated by org.testng.reporters.JUnitXMLReporter -->
<testsuite ignored="0" hostname="JADDA" failures="1" tests="3" name="parallelTest" time="0.034" errors="0" timestamp="19 Sept 2023 10:10:58 GMT">
  <testcase classname="testNgGroupDiscussion.Groups" name="@BeforeTest setup" time="0.0">
    <failure type="org.testng.TestNGException" message="
Parameter &amp;apos;un&amp;apos; is required by BeforeTest on method setup but has not been marked @Optional or defined
in C:\Users\jsrao\eclipse-workspace\com.RamaOrangeHRM.org\parallel2testng.xml">
      <![CDATA[org.testng.TestNGException: 
Parameter 'un' is required by BeforeTest on method setup but has not been marked @Optional or defined
in C:\Users\jsrao\eclipse-workspace\com.RamaOrangeHRM.org\parallel2testng.xml
... Removed 21 stack frames]]>
    </failure>
  </testcase> <!-- @BeforeTest setup -->
  <testcase classname="testNgGroupDiscussion.Groups" name="ohrmLogin" time="0.0">
    <skipped/>
  </testcase> <!-- ohrmLogin -->
  <testcase classname="testNgGroupDiscussion.Groups" name="click" time="0.0">
    <skipped/>
  </testcase> <!-- click -->
  <testcase classname="testNgGroupDiscussion.Groups" name="click1" time="0.0">
    <failure type="org.testng.TestNGException" message="
Parameter &amp;apos;fn&amp;apos; is required by @Test on method click1 but has not been marked @Optional or defined
in C:\Users\jsrao\eclipse-workspace\com.RamaOrangeHRM.org\parallel2testng.xml">
      <![CDATA[org.testng.TestNGException: 
Parameter 'fn' is required by @Test on method click1 but has not been marked @Optional or defined
in C:\Users\jsrao\eclipse-workspace\com.RamaOrangeHRM.org\parallel2testng.xml
at java.base/java.util.concurrent.ThreadPoolExecutor.runWorker(ThreadPoolExecutor.java:1144)
at java.base/java.util.concurrent.ThreadPoolExecutor$Worker.run(ThreadPoolExecutor.java:642)
at java.base/java.lang.Thread.run(Thread.java:1623)
... Removed 9 stack frames]]>
    </failure>
  </testcase> <!-- click1 -->
</testsuite> <!-- parallelTest -->
