<?xml version="1.0" encoding="UTF-8"?>
<!-- Generated by org.testng.reporters.JUnitXMLReporter -->
<testsuite ignored="1" hostname="JADDA" failures="0" tests="1" name="groupsTest" time="0.035" errors="0" timestamp="14 Sept 2023 06:34:15 GMT">
  <testcase classname="testNGMyPractice.GroupsArgument" name="testMethod1" time="0.01"/>
  <testcase classname="testNGMyPractice.GroupsArgument" name="testmethod2" time="0.0">
    <ignored/>
  </testcase> <!-- testmethod2 -->
</testsuite> <!-- groupsTest -->
