<?xml version="1.0" encoding="UTF-8"?>
<!-- Generated by org.testng.reporters.JUnitXMLReporter -->
<testsuite ignored="1" hostname="JADDA" failures="7" tests="30" name="Test" time="55.946" errors="0" timestamp="26 Oct 2023 08:58:53 GMT">
  <testcase classname="testNGMyPractice.GroupsArgument" name="testMethod1" time="0.018"/>
  <testcase classname="testNGMyPractice.GroupsArgument" name="testmethod2" time="0.001"/>
  <testcase classname="testNGMyPractice.InvocationTimeout" name="success" time="3.016">
    <failure type="org.testng.internal.thread.ThreadTimeoutException" message="Method testNGMyPractice.InvocationTimeout.success() didn&amp;apos;t finish within the time-out 3000">
      <![CDATA[org.testng.internal.thread.ThreadTimeoutException: Method testNGMyPractice.InvocationTimeout.success() didn't finish within the time-out 3000
at java.base/java.io.FileOutputStream.writeBytes(Native Method)
at java.base/java.io.FileOutputStream.write(FileOutputStream.java:373)
at java.base/java.io.BufferedOutputStream.flushBuffer(BufferedOutputStream.java:125)
at java.base/java.io.BufferedOutputStream.implFlush(BufferedOutputStream.java:252)
at java.base/java.io.BufferedOutputStream.flush(BufferedOutputStream.java:240)
at java.base/java.io.PrintStream.implWrite(PrintStream.java:645)
at java.base/java.io.PrintStream.write(PrintStream.java:623)
at java.base/sun.nio.cs.StreamEncoder.writeBytes(StreamEncoder.java:313)
at java.base/sun.nio.cs.StreamEncoder.implFlushBuffer(StreamEncoder.java:409)
at java.base/sun.nio.cs.StreamEncoder.lockedFlushBuffer(StreamEncoder.java:127)
at java.base/sun.nio.cs.StreamEncoder.flushBuffer(StreamEncoder.java:114)
at java.base/java.io.OutputStreamWriter.flushBuffer(OutputStreamWriter.java:193)
at java.base/java.io.PrintStream.implWriteln(PrintStream.java:849)
at java.base/java.io.PrintStream.writeln(PrintStream.java:826)
at java.base/java.io.PrintStream.println(PrintStream.java:1168)
at testNGMyPractice.InvocationTimeout.success(InvocationTimeout.java:8)
at java.base/java.util.concurrent.Executors$RunnableAdapter.call(Executors.java:577)
at java.base/java.util.concurrent.FutureTask.run(FutureTask.java:317)
at java.base/java.util.concurrent.ThreadPoolExecutor.runWorker(ThreadPoolExecutor.java:1144)
at java.base/java.util.concurrent.ThreadPoolExecutor$Worker.run(ThreadPoolExecutor.java:642)
at java.base/java.lang.Thread.run(Thread.java:1623)
... Removed 5 stack frames]]>
    </failure>
  </testcase> <!-- success -->
  <testcase classname="testNGMyPractice.PriorityArgument" name="mokshitha" time="0.0"/>
  <testcase classname="testNGMyPractice.Hardassertion" name="testmethod1" time="0.0">
    <failure type="java.lang.AssertionError" message="both values are mismatch expected [true] but found [false]">
      <![CDATA[java.lang.AssertionError: both values are mismatch expected [true] but found [false]
at testNGMyPractice.Hardassertion.testmethod1(Hardassertion.java:12)
... Removed 28 stack frames]]>
    </failure>
  </testcase> <!-- testmethod1 -->
  <testcase classname="testNGMyPractice.DataprovoderIntegrateTest" name="oHRMLogin" time="0.2"/>
  <testcase classname="testNGMyPractice.DataprovoderIntegrateTest" name="oHRMLogin" time="31.048">
    <failure type="org.openqa.selenium.NoSuchElementException" message="no such element: Unable to locate element: {&amp;quot;method&amp;quot;:&amp;quot;css selector&amp;quot;,&amp;quot;selector&amp;quot;:&amp;quot;*[name=&amp;apos;username&amp;apos;]&amp;quot;}
  (Session info: chrome=118.0.5993.117)
For documentation on this error, please visit: https://www.selenium.dev/documentation/webdriver/troubleshooting/errors#no-such-element-exception
Build info: version: &amp;apos;4.12.0&amp;apos;, revision: &amp;apos;249f2a7d1b*&amp;apos;
System info: os.name: &amp;apos;Windows 11&amp;apos;, os.arch: &amp;apos;amd64&amp;apos;, os.version: &amp;apos;10.0&amp;apos;, java.version: &amp;apos;20.0.1&amp;apos;
Driver info: org.openqa.selenium.chrome.ChromeDriver
Command: [c08e561d685fd18cff28cce0394f48e0, findElement {using=name, value=username}]
Capabilities {acceptInsecureCerts: false, browserName: chrome, browserVersion: 118.0.5993.117, chrome: {chromedriverVersion: 118.0.5993.70 (e52f33f30b91..., userDataDir: C:\Users\jsrao\AppData\Loca...}, fedcm:accounts: true, goog:chromeOptions: {debuggerAddress: localhost:51843}, networkConnectionEnabled: false, pageLoadStrategy: normal, platformName: windows, proxy: Proxy(), se:cdp: ws://localhost:51843/devtoo..., se:cdpVersion: 118.0.5993.117, setWindowRect: true, strictFileInteractability: false, timeouts: {implicit: 0, pageLoad: 300000, script: 30000}, unhandledPromptBehavior: dismiss and notify, webauthn:extension:credBlob: true, webauthn:extension:largeBlob: true, webauthn:extension:minPinLength: true, webauthn:extension:prf: true, webauthn:virtualAuthenticators: true}
Session ID: c08e561d685fd18cff28cce0394f48e0">
      <![CDATA[org.openqa.selenium.NoSuchElementException: no such element: Unable to locate element: {"method":"css selector","selector":"*[name='username']"}
  (Session info: chrome=118.0.5993.117)
For documentation on this error, please visit: https://www.selenium.dev/documentation/webdriver/troubleshooting/errors#no-such-element-exception
Build info: version: '4.12.0', revision: '249f2a7d1b*'
System info: os.name: 'Windows 11', os.arch: 'amd64', os.version: '10.0', java.version: '20.0.1'
Driver info: org.openqa.selenium.chrome.ChromeDriver
Command: [c08e561d685fd18cff28cce0394f48e0, findElement {using=name, value=username}]
Capabilities {acceptInsecureCerts: false, browserName: chrome, browserVersion: 118.0.5993.117, chrome: {chromedriverVersion: 118.0.5993.70 (e52f33f30b91..., userDataDir: C:\Users\jsrao\AppData\Loca...}, fedcm:accounts: true, goog:chromeOptions: {debuggerAddress: localhost:51843}, networkConnectionEnabled: false, pageLoadStrategy: normal, platformName: windows, proxy: Proxy(), se:cdp: ws://localhost:51843/devtoo..., se:cdpVersion: 118.0.5993.117, setWindowRect: true, strictFileInteractability: false, timeouts: {implicit: 0, pageLoad: 300000, script: 30000}, unhandledPromptBehavior: dismiss and notify, webauthn:extension:credBlob: true, webauthn:extension:largeBlob: true, webauthn:extension:minPinLength: true, webauthn:extension:prf: true, webauthn:virtualAuthenticators: true}
Session ID: c08e561d685fd18cff28cce0394f48e0
at org.openqa.selenium.remote.codec.w3c.W3CHttpResponseCodec.createException(W3CHttpResponseCodec.java:200)
at org.openqa.selenium.remote.codec.w3c.W3CHttpResponseCodec.decode(W3CHttpResponseCodec.java:133)
at org.openqa.selenium.remote.codec.w3c.W3CHttpResponseCodec.decode(W3CHttpResponseCodec.java:52)
at org.openqa.selenium.remote.HttpCommandExecutor.execute(HttpCommandExecutor.java:191)
at org.openqa.selenium.remote.service.DriverCommandExecutor.invokeExecute(DriverCommandExecutor.java:196)
at org.openqa.selenium.remote.service.DriverCommandExecutor.execute(DriverCommandExecutor.java:171)
at org.openqa.selenium.remote.RemoteWebDriver.execute(RemoteWebDriver.java:602)
at org.openqa.selenium.remote.ElementLocation$ElementFinder$2.findElement(ElementLocation.java:165)
at org.openqa.selenium.remote.ElementLocation.findElement(ElementLocation.java:59)
at org.openqa.selenium.remote.RemoteWebDriver.findElement(RemoteWebDriver.java:359)
at org.openqa.selenium.remote.RemoteWebDriver.findElement(RemoteWebDriver.java:353)
at testNGMyPractice.DataprovoderIntegrateTest.oHRMLogin(DataprovoderIntegrateTest.java:31)
... Removed 26 stack frames]]>
    </failure>
  </testcase> <!-- oHRMLogin -->
  <testcase classname="testNGMyPractice.EnableArgument" name="mokshi" time="0.0"/>
  <testcase classname="testNGMyPractice.EnableArgument" name="rama" time="0.001"/>
  <testcase classname="testNGMyPractice.AlwaysrunArgument" name="setup" time="0.001"/>
  <testcase classname="testNGMyPractice.Softassertion" name="testmethod" time="0.004">
    <failure type="java.lang.AssertionError" message="The following asserts failed:
	expected [true] but found [false]">
      <![CDATA[java.lang.AssertionError: The following asserts failed:
expected [true] but found [false]
at testNGMyPractice.Softassertion.testmethod(Softassertion.java:20)
... Removed 24 stack frames]]>
    </failure>
  </testcase> <!-- testmethod -->
  <testcase classname="testNGMyPractice.DependsOnMethods" name="loginMethod" time="0.001">
    <failure type="java.lang.AssertionError" message="null">
      <![CDATA[java.lang.AssertionError: null
at testNGMyPractice.DependsOnMethods.loginMethod(DependsOnMethods.java:9)
... Removed 25 stack frames]]>
    </failure>
  </testcase> <!-- loginMethod -->
  <testcase classname="testNGMyPractice.ParametersExample1" name="oHRMLogin" time="0.0">
    <failure type="org.testng.TestNGException" message="
Parameter &amp;apos;un&amp;apos; is required by @Test on method oHRMLogin but has not been marked @Optional or defined
in C:\Users\jsrao\eclipse-workspace\com.RamaOrangeHRM.org\Batch002.xml">
      <![CDATA[org.testng.TestNGException: 
Parameter 'un' is required by @Test on method oHRMLogin but has not been marked @Optional or defined
in C:\Users\jsrao\eclipse-workspace\com.RamaOrangeHRM.org\Batch002.xml
... Removed 24 stack frames]]>
    </failure>
  </testcase> <!-- oHRMLogin -->
  <testcase classname="testNGMyPractice.DependsOnGroups" name="testMethod1" time="0.001">
    <failure type="java.lang.AssertionError" message="null">
      <![CDATA[java.lang.AssertionError: null
at testNGMyPractice.DependsOnGroups.testMethod1(DependsOnGroups.java:10)
... Removed 25 stack frames]]>
    </failure>
  </testcase> <!-- testMethod1 -->
  <testcase classname="testNGMyPractice.invocationCountArgument" name="testmethod" time="0.002"/>
  <testcase classname="testNGMyPractice.invocationCountArgument" name="testmethod" time="0.001"/>
  <testcase classname="testNGMyPractice.invocationCountArgument" name="testmethod" time="0.0"/>
  <testcase classname="testNGMyPractice.invocationCountArgument" name="testmethod" time="0.002"/>
  <testcase classname="testNGMyPractice.invocationCountArgument" name="testmethod" time="0.001"/>
  <testcase classname="testNGMyPractice.invocationCountArgument" name="testmethod" time="0.001"/>
  <testcase classname="testNGMyPractice.invocationCountArgument" name="testmethod" time="0.001"/>
  <testcase classname="testNGMyPractice.invocationCountArgument" name="testmethod" time="0.001"/>
  <testcase classname="testNGMyPractice.ParallelExecution" name="chromeMethod" time="8.453"/>
  <testcase classname="testNGMyPractice.DescriptionArgument" name="success" time="0.0"/>
  <testcase classname="testNGMyPractice.DataproviderEx1" name="testMethod1" time="0.0"/>
  <testcase classname="testNGMyPractice.DataproviderEx1" name="testMethod1" time="0.0"/>
  <testcase classname="testNGMyPractice.DependsOnMethods" name="leaveMethod" time="0.0">
    <skipped/>
  </testcase> <!-- leaveMethod -->
  <testcase classname="testNGMyPractice.DependsOnGroups" name="testMethod2" time="0.0">
    <skipped/>
  </testcase> <!-- testMethod2 -->
  <testcase classname="testNGMyPractice.PriorityArgument" name="rama" time="0.0"/>
  <testcase classname="testNGMyPractice.PriorityArgument" name="subbarao" time="0.0"/>
  <testcase classname="testNGMyPractice.EnableArgument" name="sruthi" time="0.0">
    <ignored/>
  </testcase> <!-- sruthi -->
</testsuite> <!-- Test -->
